This file contains any messages produced by compilers while
running configure, to aid debugging if configure makes a mistake.

It was created by configure, which was
generated by GNU Autoconf 2.64.  Invocation command line was

  $ ./configure --enable-gcc --disable-shared --prefix=/home/tyuvash2/Загрузки/ns-allinone-2.34

## --------- ##
## Platform. ##
## --------- ##

hostname = tyuvash2-laptop
uname -m = i686
uname -r = 2.6.31-14-generic
uname -s = Linux
uname -v = #48-Ubuntu SMP Fri Oct 16 14:04:26 UTC 2009

/usr/bin/uname -p = unknown
/bin/uname -X     = unknown

/bin/arch              = unknown
/usr/bin/arch -k       = unknown
/usr/convex/getsysinfo = unknown
/usr/bin/hostinfo      = unknown
/bin/machine           = unknown
/usr/bin/oslevel       = unknown
/bin/universe          = unknown

PATH: /home/tyuvash2/Загрузки/ns-allinone-2.34/bin
PATH: /usr/local/sbin
PATH: /usr/local/bin
PATH: /usr/sbin
PATH: /usr/bin
PATH: /sbin
PATH: /bin
PATH: /usr/games


## ----------- ##
## Core tests. ##
## ----------- ##

configure:2260: checking for Tcl configuration
configure:2353: result: found /home/tyuvash2/Загрузки/ns-allinone-2.34/tcl8.4.18/unix/tclConfig.sh
configure:2359: checking for existence of /home/tyuvash2/Загрузки/ns-allinone-2.34/tcl8.4.18/unix/tclConfig.sh
configure:2363: result: loading
configure:2428: checking for tclsh
configure:2452: result: /home/tyuvash2/Загрузки/ns-allinone-2.34/bin/tclsh8.4
configure:2463: checking for tclsh in Tcl build directory
configure:2466: result: /home/tyuvash2/Загрузки/ns-allinone-2.34/tcl8.4.18/unix/tclsh
configure:2496: checking whether to use symlinks for manpages
configure:2505: result: no
configure:2508: checking whether to compress the manpages
configure:2521: result: no
configure:2535: checking whether to add a package name suffix for the manpages
configure:2548: result: no
configure:2612: checking for gcc
configure:2628: found /usr/bin/gcc
configure:2639: result: gcc
configure:2868: checking for C compiler version
configure:2877: gcc --version >&5
gcc (Ubuntu 4.4.1-4ubuntu9) 4.4.1
Copyright (C) 2009 Free Software Foundation, Inc.
This is free software; see the source for copying conditions.  There is NO
warranty; not even for MERCHANTABILITY or FITNESS FOR A PARTICULAR PURPOSE.

configure:2888: $? = 0
configure:2877: gcc -v >&5
Using built-in specs.
Target: i486-linux-gnu
Configured with: ../src/configure -v --with-pkgversion='Ubuntu 4.4.1-4ubuntu9' --with-bugurl=file:///usr/share/doc/gcc-4.4/README.Bugs --enable-languages=c,c++,fortran,objc,obj-c++ --prefix=/usr --enable-shared --enable-multiarch --enable-linker-build-id --with-system-zlib --libexecdir=/usr/lib --without-included-gettext --enable-threads=posix --with-gxx-include-dir=/usr/include/c++/4.4 --program-suffix=-4.4 --enable-nls --enable-clocale=gnu --enable-libstdcxx-debug --enable-objc-gc --enable-targets=all --disable-werror --with-arch-32=i486 --with-tune=generic --enable-checking=release --build=i486-linux-gnu --host=i486-linux-gnu --target=i486-linux-gnu
Thread model: posix
gcc version 4.4.1 (Ubuntu 4.4.1-4ubuntu9) 
configure:2888: $? = 0
configure:2877: gcc -V >&5
gcc: '-V' option must have argument
configure:2888: $? = 1
configure:2877: gcc -qversion >&5
gcc: unrecognized option '-qversion'
gcc: no input files
configure:2888: $? = 1
configure:2910: checking for C compiler default output file name
configure:2932: gcc    conftest.c  >&5
configure:2936: $? = 0
configure:2973: result: a.out
configure:2989: checking whether the C compiler works
configure:2998: ./a.out
configure:3002: $? = 0
configure:3017: result: yes
configure:3024: checking whether we are cross compiling
configure:3026: result: no
configure:3029: checking for suffix of executables
configure:3036: gcc -o conftest    conftest.c  >&5
configure:3040: $? = 0
configure:3062: result: 
configure:3068: checking for suffix of object files
configure:3090: gcc -c   conftest.c >&5
configure:3094: $? = 0
configure:3115: result: o
configure:3119: checking whether we are using the GNU C compiler
configure:3138: gcc -c   conftest.c >&5
configure:3138: $? = 0
configure:3147: result: yes
configure:3156: checking whether gcc accepts -g
configure:3176: gcc -c -g  conftest.c >&5
configure:3176: $? = 0
configure:3217: result: yes
configure:3234: checking for gcc option to accept ISO C89
configure:3298: gcc  -c   conftest.c >&5
configure:3298: $? = 0
configure:3311: result: none needed
configure:3340: checking how to run the C preprocessor
configure:3371: gcc -E  conftest.c
configure:3371: $? = 0
configure:3385: gcc -E  conftest.c
conftest.c:9:28: error: ac_nonexistent.h: No such file or directory
configure:3385: $? = 1
configure: failed program was:
| /* confdefs.h */
| #define PACKAGE_NAME ""
| #define PACKAGE_TARNAME ""
| #define PACKAGE_VERSION ""
| #define PACKAGE_STRING ""
| #define PACKAGE_BUGREPORT ""
| #define PACKAGE_URL ""
| /* end confdefs.h.  */
| #include <ac_nonexistent.h>
configure:3410: result: gcc -E
configure:3430: gcc -E  conftest.c
configure:3430: $? = 0
configure:3444: gcc -E  conftest.c
conftest.c:9:28: error: ac_nonexistent.h: No such file or directory
configure:3444: $? = 1
configure: failed program was:
| /* confdefs.h */
| #define PACKAGE_NAME ""
| #define PACKAGE_TARNAME ""
| #define PACKAGE_VERSION ""
| #define PACKAGE_STRING ""
| #define PACKAGE_BUGREPORT ""
| #define PACKAGE_URL ""
| /* end confdefs.h.  */
| #include <ac_nonexistent.h>
configure:3473: checking for grep that handles long lines and -e
configure:3531: result: /bin/grep
configure:3536: checking for egrep
configure:3598: result: /bin/grep -E
configure:3603: checking for ANSI C header files
configure:3623: gcc -c   conftest.c >&5
configure:3623: $? = 0
configure:3696: gcc -o conftest    conftest.c  >&5
configure:3696: $? = 0
configure:3696: ./conftest
configure:3696: $? = 0
configure:3707: result: yes
configure:3720: checking for sys/types.h
configure:3720: gcc -c   conftest.c >&5
configure:3720: $? = 0
configure:3720: result: yes
configure:3720: checking for sys/stat.h
configure:3720: gcc -c   conftest.c >&5
configure:3720: $? = 0
configure:3720: result: yes
configure:3720: checking for stdlib.h
configure:3720: gcc -c   conftest.c >&5
configure:3720: $? = 0
configure:3720: result: yes
configure:3720: checking for string.h
configure:3720: gcc -c   conftest.c >&5
configure:3720: $? = 0
configure:3720: result: yes
configure:3720: checking for memory.h
configure:3720: gcc -c   conftest.c >&5
configure:3720: $? = 0
configure:3720: result: yes
configure:3720: checking for strings.h
configure:3720: gcc -c   conftest.c >&5
configure:3720: $? = 0
configure:3720: result: yes
configure:3720: checking for inttypes.h
configure:3720: gcc -c   conftest.c >&5
configure:3720: $? = 0
configure:3720: result: yes
configure:3720: checking for stdint.h
configure:3720: gcc -c   conftest.c >&5
configure:3720: $? = 0
configure:3720: result: yes
configure:3720: checking for unistd.h
configure:3720: gcc -c   conftest.c >&5
configure:3720: $? = 0
configure:3720: result: yes
configure:3733: checking limits.h usability
configure:3733: gcc -c   conftest.c >&5
configure:3733: $? = 0
configure:3733: result: yes
configure:3733: checking limits.h presence
configure:3733: gcc -E  conftest.c
configure:3733: $? = 0
configure:3733: result: yes
configure:3733: checking for limits.h
configure:3733: result: yes
configure:3745: checking for unistd.h
configure:3745: result: yes
configure:3761: checking stdlib.h
configure:3806: result: yes
configure:3815: checking if the compiler understands -pipe
configure:3833: gcc -c  -pipe  conftest.c >&5
configure:3833: $? = 0
configure:3841: result: yes
configure:4150: checking for building with threads
configure:4164: result: no (default)
configure:4179: checking for sin
configure:4179: gcc -o conftest  -pipe   conftest.c  >&5
conftest.c:44: warning: conflicting types for built-in function 'sin'
/tmp/cclDrXzt.o: In function `main':
conftest.c:(.text+0x7): undefined reference to `sin'
collect2: ld returned 1 exit status
configure:4179: $? = 1
configure: failed program was:
| /* confdefs.h */
| #define PACKAGE_NAME ""
| #define PACKAGE_TARNAME ""
| #define PACKAGE_VERSION ""
| #define PACKAGE_STRING ""
| #define PACKAGE_BUGREPORT ""
| #define PACKAGE_URL ""
| #define STDC_HEADERS 1
| #define HAVE_SYS_TYPES_H 1
| #define HAVE_SYS_STAT_H 1
| #define HAVE_STDLIB_H 1
| #define HAVE_STRING_H 1
| #define HAVE_MEMORY_H 1
| #define HAVE_STRINGS_H 1
| #define HAVE_INTTYPES_H 1
| #define HAVE_STDINT_H 1
| #define HAVE_UNISTD_H 1
| #define HAVE_LIMITS_H 1
| #define HAVE_UNISTD_H 1
| /* end confdefs.h.  */
| /* Define sin to an innocuous variant, in case <limits.h> declares sin.
|    For example, HP-UX 11i <limits.h> declares gettimeofday.  */
| #define sin innocuous_sin
| 
| /* System header to define __stub macros and hopefully few prototypes,
|     which can conflict with char sin (); below.
|     Prefer <limits.h> to <assert.h> if __STDC__ is defined, since
|     <limits.h> exists even on freestanding compilers.  */
| 
| #ifdef __STDC__
| # include <limits.h>
| #else
| # include <assert.h>
| #endif
| 
| #undef sin
| 
| /* Override any GCC internal prototype to avoid an error.
|    Use char because int might match the return type of a GCC
|    builtin and then its argument prototype would still apply.  */
| #ifdef __cplusplus
| extern "C"
| #endif
| char sin ();
| /* The GNU C library defines this for functions which it implements
|     to always fail with ENOSYS.  Some functions are actually named
|     something starting with __ and the normal name is an alias.  */
| #if defined __stub_sin || defined __stub___sin
| choke me
| #endif
| 
| int
| main ()
| {
| return sin ();
|   ;
|   return 0;
| }
configure:4179: result: no
configure:4186: checking for main in -lieee
configure:4205: gcc -o conftest  -pipe   conftest.c -lieee   >&5
configure:4205: $? = 0
configure:4214: result: yes
configure:4225: checking how to build libraries
configure:4247: result: static
configure:4304: checking for ranlib
configure:4320: found /usr/bin/ranlib
configure:4331: result: ranlib
configure:4357: checking if 64bit support is requested
configure:4366: result: no
configure:4371: checking if 64bit Sparc VIS support is requested
configure:4380: result: no
configure:4392: checking system version
configure:4420: result: Linux-2.6.31-14-generic
configure:4428: checking for dlopen in -ldl
configure:4453: gcc -o conftest  -pipe   conftest.c -ldl   >&5
configure:4453: $? = 0
configure:4462: result: yes
configure:4496: checking for ar
configure:4512: found /usr/bin/ar
configure:4523: result: ar
configure:6219: checking for build with symbols
configure:6233: result: no
configure:6277: checking for required early compiler flags
configure:6295: gcc -c  -pipe  conftest.c >&5
configure:6295: $? = 0
configure:6341: gcc -c  -pipe  conftest.c >&5
conftest.c: In function 'main':
conftest.c:27: error: storage size of 'buf' isn't known
configure:6341: $? = 1
configure: failed program was:
| /* confdefs.h */
| #define PACKAGE_NAME ""
| #define PACKAGE_TARNAME ""
| #define PACKAGE_VERSION ""
| #define PACKAGE_STRING ""
| #define PACKAGE_BUGREPORT ""
| #define PACKAGE_URL ""
| #define STDC_HEADERS 1
| #define HAVE_SYS_TYPES_H 1
| #define HAVE_SYS_STAT_H 1
| #define HAVE_STDLIB_H 1
| #define HAVE_STRING_H 1
| #define HAVE_MEMORY_H 1
| #define HAVE_STRINGS_H 1
| #define HAVE_INTTYPES_H 1
| #define HAVE_STDINT_H 1
| #define HAVE_UNISTD_H 1
| #define HAVE_LIMITS_H 1
| #define HAVE_UNISTD_H 1
| #define STATIC_BUILD 1
| #define PEEK_XCLOSEIM 1
| /* end confdefs.h.  */
| #include <sys/stat.h>
| int
| main ()
| {
| struct stat64 buf; int i = stat64("/", &buf);
|   ;
|   return 0;
| }
configure:6356: gcc -c  -pipe  conftest.c >&5
configure:6356: $? = 0
configure:6387: gcc -c  -pipe  conftest.c >&5
conftest.c: In function 'main':
conftest.c:28: error: 'open64' undeclared (first use in this function)
conftest.c:28: error: (Each undeclared identifier is reported only once
conftest.c:28: error: for each function it appears in.)
configure:6387: $? = 1
configure: failed program was:
| /* confdefs.h */
| #define PACKAGE_NAME ""
| #define PACKAGE_TARNAME ""
| #define PACKAGE_VERSION ""
| #define PACKAGE_STRING ""
| #define PACKAGE_BUGREPORT ""
| #define PACKAGE_URL ""
| #define STDC_HEADERS 1
| #define HAVE_SYS_TYPES_H 1
| #define HAVE_SYS_STAT_H 1
| #define HAVE_STDLIB_H 1
| #define HAVE_STRING_H 1
| #define HAVE_MEMORY_H 1
| #define HAVE_STRINGS_H 1
| #define HAVE_INTTYPES_H 1
| #define HAVE_STDINT_H 1
| #define HAVE_UNISTD_H 1
| #define HAVE_LIMITS_H 1
| #define HAVE_UNISTD_H 1
| #define STATIC_BUILD 1
| #define PEEK_XCLOSEIM 1
| #define _LARGEFILE64_SOURCE 1
| /* end confdefs.h.  */
| #include <sys/stat.h>
| int
| main ()
| {
| char *p = (char *)open64;
|   ;
|   return 0;
| }
configure:6402: gcc -c  -pipe  conftest.c >&5
conftest.c: In function 'main':
conftest.c:29: error: 'open64' undeclared (first use in this function)
conftest.c:29: error: (Each undeclared identifier is reported only once
conftest.c:29: error: for each function it appears in.)
configure:6402: $? = 1
configure: failed program was:
| /* confdefs.h */
| #define PACKAGE_NAME ""
| #define PACKAGE_TARNAME ""
| #define PACKAGE_VERSION ""
| #define PACKAGE_STRING ""
| #define PACKAGE_BUGREPORT ""
| #define PACKAGE_URL ""
| #define STDC_HEADERS 1
| #define HAVE_SYS_TYPES_H 1
| #define HAVE_SYS_STAT_H 1
| #define HAVE_STDLIB_H 1
| #define HAVE_STRING_H 1
| #define HAVE_MEMORY_H 1
| #define HAVE_STRINGS_H 1
| #define HAVE_INTTYPES_H 1
| #define HAVE_STDINT_H 1
| #define HAVE_UNISTD_H 1
| #define HAVE_LIMITS_H 1
| #define HAVE_UNISTD_H 1
| #define STATIC_BUILD 1
| #define PEEK_XCLOSEIM 1
| #define _LARGEFILE64_SOURCE 1
| /* end confdefs.h.  */
| #define _LARGEFILE_SOURCE64 1
| #include <sys/stat.h>
| int
| main ()
| {
| char *p = (char *)open64;
|   ;
|   return 0;
| }
configure:6422: result:  _LARGEFILE64_SOURCE
configure:6428: checking for 64-bit integer type
configure:6447: gcc -c  -pipe  conftest.c >&5
conftest.c: In function 'main':
conftest.c:28: error: '__int64' undeclared (first use in this function)
conftest.c:28: error: (Each undeclared identifier is reported only once
conftest.c:28: error: for each function it appears in.)
conftest.c:28: error: expected ';' before 'value'
configure:6447: $? = 1
configure: failed program was:
| /* confdefs.h */
| #define PACKAGE_NAME ""
| #define PACKAGE_TARNAME ""
| #define PACKAGE_VERSION ""
| #define PACKAGE_STRING ""
| #define PACKAGE_BUGREPORT ""
| #define PACKAGE_URL ""
| #define STDC_HEADERS 1
| #define HAVE_SYS_TYPES_H 1
| #define HAVE_SYS_STAT_H 1
| #define HAVE_STDLIB_H 1
| #define HAVE_STRING_H 1
| #define HAVE_MEMORY_H 1
| #define HAVE_STRINGS_H 1
| #define HAVE_INTTYPES_H 1
| #define HAVE_STDINT_H 1
| #define HAVE_UNISTD_H 1
| #define HAVE_LIMITS_H 1
| #define HAVE_UNISTD_H 1
| #define STATIC_BUILD 1
| #define PEEK_XCLOSEIM 1
| #define _LARGEFILE64_SOURCE 1
| /* end confdefs.h.  */
| 
| int
| main ()
| {
| __int64 value = (__int64) 0;
|   ;
|   return 0;
| }
configure:6469: gcc -c  -pipe  conftest.c >&5
configure:6469: $? = 0
configure:6485: result: long long
configure:6489: checking for struct dirent64
configure:6507: gcc -c  -pipe  conftest.c >&5
conftest.c:26:24: error: sys/dirent.h: No such file or directory
conftest.c: In function 'main':
conftest.c:30: error: storage size of 'p' isn't known
configure:6507: $? = 1
configure: failed program was:
| /* confdefs.h */
| #define PACKAGE_NAME ""
| #define PACKAGE_TARNAME ""
| #define PACKAGE_VERSION ""
| #define PACKAGE_STRING ""
| #define PACKAGE_BUGREPORT ""
| #define PACKAGE_URL ""
| #define STDC_HEADERS 1
| #define HAVE_SYS_TYPES_H 1
| #define HAVE_SYS_STAT_H 1
| #define HAVE_STDLIB_H 1
| #define HAVE_STRING_H 1
| #define HAVE_MEMORY_H 1
| #define HAVE_STRINGS_H 1
| #define HAVE_INTTYPES_H 1
| #define HAVE_STDINT_H 1
| #define HAVE_UNISTD_H 1
| #define HAVE_LIMITS_H 1
| #define HAVE_UNISTD_H 1
| #define STATIC_BUILD 1
| #define PEEK_XCLOSEIM 1
| #define _LARGEFILE64_SOURCE 1
| #define TCL_WIDE_INT_TYPE long long
| /* end confdefs.h.  */
| #include <sys/types.h>
| #include <sys/dirent.h>
| int
| main ()
| {
| struct dirent64 p;
|   ;
|   return 0;
| }
configure:6514: result: no
configure:6521: checking for struct stat64
configure:6539: gcc -c  -pipe  conftest.c >&5
configure:6539: $? = 0
configure:6546: result: yes
configure:6556: checking for open64
configure:6556: gcc -o conftest  -pipe   -Wl,--export-dynamic conftest.c  >&5
configure:6556: $? = 0
configure:6556: result: yes
configure:6556: checking for lseek64
configure:6556: gcc -o conftest  -pipe   -Wl,--export-dynamic conftest.c  >&5
configure:6556: $? = 0
configure:6556: result: yes
configure:6566: checking for off64_t
configure:6584: gcc -c  -pipe  conftest.c >&5
configure:6584: $? = 0
configure:6597: result: yes
configure:6610: checking whether byte ordering is bigendian
configure:6625: gcc -c  -pipe  conftest.c >&5
conftest.c:30: error: expected '=', ',', ';', 'asm' or '__attribute__' before 'a'
configure:6625: $? = 1
configure: failed program was:
| /* confdefs.h */
| #define PACKAGE_NAME ""
| #define PACKAGE_TARNAME ""
| #define PACKAGE_VERSION ""
| #define PACKAGE_STRING ""
| #define PACKAGE_BUGREPORT ""
| #define PACKAGE_URL ""
| #define STDC_HEADERS 1
| #define HAVE_SYS_TYPES_H 1
| #define HAVE_SYS_STAT_H 1
| #define HAVE_STDLIB_H 1
| #define HAVE_STRING_H 1
| #define HAVE_MEMORY_H 1
| #define HAVE_STRINGS_H 1
| #define HAVE_INTTYPES_H 1
| #define HAVE_STDINT_H 1
| #define HAVE_UNISTD_H 1
| #define HAVE_LIMITS_H 1
| #define HAVE_UNISTD_H 1
| #define STATIC_BUILD 1
| #define PEEK_XCLOSEIM 1
| #define _LARGEFILE64_SOURCE 1
| #define TCL_WIDE_INT_TYPE long long
| #define HAVE_STRUCT_STAT64 1
| #define HAVE_OPEN64 1
| #define HAVE_LSEEK64 1
| #define HAVE_TYPE_OFF64_T 1
| /* end confdefs.h.  */
| #ifndef __APPLE_CC__
| 	       not a universal capable compiler
| 	     #endif
| 	     typedef int dummy;
| 
configure:6670: gcc -c  -pipe  conftest.c >&5
configure:6670: $? = 0
configure:6688: gcc -c  -pipe  conftest.c >&5
conftest.c: In function 'main':
conftest.c:36: error: 'not' undeclared (first use in this function)
conftest.c:36: error: (Each undeclared identifier is reported only once
conftest.c:36: error: for each function it appears in.)
conftest.c:36: error: expected ';' before 'big'
configure:6688: $? = 1
configure: failed program was:
| /* confdefs.h */
| #define PACKAGE_NAME ""
| #define PACKAGE_TARNAME ""
| #define PACKAGE_VERSION ""
| #define PACKAGE_STRING ""
| #define PACKAGE_BUGREPORT ""
| #define PACKAGE_URL ""
| #define STDC_HEADERS 1
| #define HAVE_SYS_TYPES_H 1
| #define HAVE_SYS_STAT_H 1
| #define HAVE_STDLIB_H 1
| #define HAVE_STRING_H 1
| #define HAVE_MEMORY_H 1
| #define HAVE_STRINGS_H 1
| #define HAVE_INTTYPES_H 1
| #define HAVE_STDINT_H 1
| #define HAVE_UNISTD_H 1
| #define HAVE_LIMITS_H 1
| #define HAVE_UNISTD_H 1
| #define STATIC_BUILD 1
| #define PEEK_XCLOSEIM 1
| #define _LARGEFILE64_SOURCE 1
| #define TCL_WIDE_INT_TYPE long long
| #define HAVE_STRUCT_STAT64 1
| #define HAVE_OPEN64 1
| #define HAVE_LSEEK64 1
| #define HAVE_TYPE_OFF64_T 1
| /* end confdefs.h.  */
| #include <sys/types.h>
| 		#include <sys/param.h>
| 
| int
| main ()
| {
| #if BYTE_ORDER != BIG_ENDIAN
| 		 not big endian
| 		#endif
| 
|   ;
|   return 0;
| }
configure:6816: result: no
configure:6865: checking for fd_set in sys/types
configure:6882: gcc -c  -pipe  conftest.c >&5
configure:6882: $? = 0
configure:6889: result: yes
configure:6932: checking sys/time.h usability
configure:6932: gcc -c  -pipe  conftest.c >&5
configure:6932: $? = 0
configure:6932: result: yes
configure:6932: checking sys/time.h presence
configure:6932: gcc -E  conftest.c
configure:6932: $? = 0
configure:6932: result: yes
configure:6932: checking for sys/time.h
configure:6932: result: yes
configure:6942: checking whether time.h and sys/time.h may both be included
configure:6962: gcc -c  -pipe  conftest.c >&5
configure:6962: $? = 0
configure:6969: result: yes
configure:6986: checking for strtod
configure:6986: gcc -o conftest  -pipe   -Wl,--export-dynamic conftest.c  >&5
configure:6986: $? = 0
configure:6986: result: yes
configure:6994: checking for Solaris2.4/Tru64 strtod bugs
configure:7026: gcc -o conftest  -pipe   -Wl,--export-dynamic conftest.c  >&5
conftest.c: In function 'main':
conftest.c:39: warning: incompatible implicit declaration of built-in function 'exit'
conftest.c:43: warning: incompatible implicit declaration of built-in function 'exit'
conftest.c:47: warning: incompatible implicit declaration of built-in function 'exit'
conftest.c:49: warning: incompatible implicit declaration of built-in function 'exit'
configure:7026: $? = 0
configure:7026: ./conftest
configure:7026: $? = 0
configure:7036: result: ok
configure:7051: checking for mode_t
configure:7051: gcc -c  -pipe  conftest.c >&5
configure:7051: $? = 0
configure:7051: gcc -c  -pipe  conftest.c >&5
conftest.c: In function 'main':
conftest.c:67: error: expected expression before ')' token
configure:7051: $? = 1
configure: failed program was:
| /* confdefs.h */
| #define PACKAGE_NAME ""
| #define PACKAGE_TARNAME ""
| #define PACKAGE_VERSION ""
| #define PACKAGE_STRING ""
| #define PACKAGE_BUGREPORT ""
| #define PACKAGE_URL ""
| #define STDC_HEADERS 1
| #define HAVE_SYS_TYPES_H 1
| #define HAVE_SYS_STAT_H 1
| #define HAVE_STDLIB_H 1
| #define HAVE_STRING_H 1
| #define HAVE_MEMORY_H 1
| #define HAVE_STRINGS_H 1
| #define HAVE_INTTYPES_H 1
| #define HAVE_STDINT_H 1
| #define HAVE_UNISTD_H 1
| #define HAVE_LIMITS_H 1
| #define HAVE_UNISTD_H 1
| #define STATIC_BUILD 1
| #define PEEK_XCLOSEIM 1
| #define _LARGEFILE64_SOURCE 1
| #define TCL_WIDE_INT_TYPE long long
| #define HAVE_STRUCT_STAT64 1
| #define HAVE_OPEN64 1
| #define HAVE_LSEEK64 1
| #define HAVE_TYPE_OFF64_T 1
| #define HAVE_SYS_TIME_H 1
| #define TIME_WITH_SYS_TIME 1
| /* end confdefs.h.  */
| #include <stdio.h>
| #ifdef HAVE_SYS_TYPES_H
| # include <sys/types.h>
| #endif
| #ifdef HAVE_SYS_STAT_H
| # include <sys/stat.h>
| #endif
| #ifdef STDC_HEADERS
| # include <stdlib.h>
| # include <stddef.h>
| #else
| # ifdef HAVE_STDLIB_H
| #  include <stdlib.h>
| # endif
| #endif
| #ifdef HAVE_STRING_H
| # if !defined STDC_HEADERS && defined HAVE_MEMORY_H
| #  include <memory.h>
| # endif
| # include <string.h>
| #endif
| #ifdef HAVE_STRINGS_H
| # include <strings.h>
| #endif
| #ifdef HAVE_INTTYPES_H
| # include <inttypes.h>
| #endif
| #ifdef HAVE_STDINT_H
| # include <stdint.h>
| #endif
| #ifdef HAVE_UNISTD_H
| # include <unistd.h>
| #endif
| int
| main ()
| {
| if (sizeof ((mode_t)))
| 	    return 0;
|   ;
|   return 0;
| }
configure:7051: result: yes
configure:7062: checking for pid_t
configure:7062: gcc -c  -pipe  conftest.c >&5
configure:7062: $? = 0
configure:7062: gcc -c  -pipe  conftest.c >&5
conftest.c: In function 'main':
conftest.c:67: error: expected expression before ')' token
configure:7062: $? = 1
configure: failed program was:
| /* confdefs.h */
| #define PACKAGE_NAME ""
| #define PACKAGE_TARNAME ""
| #define PACKAGE_VERSION ""
| #define PACKAGE_STRING ""
| #define PACKAGE_BUGREPORT ""
| #define PACKAGE_URL ""
| #define STDC_HEADERS 1
| #define HAVE_SYS_TYPES_H 1
| #define HAVE_SYS_STAT_H 1
| #define HAVE_STDLIB_H 1
| #define HAVE_STRING_H 1
| #define HAVE_MEMORY_H 1
| #define HAVE_STRINGS_H 1
| #define HAVE_INTTYPES_H 1
| #define HAVE_STDINT_H 1
| #define HAVE_UNISTD_H 1
| #define HAVE_LIMITS_H 1
| #define HAVE_UNISTD_H 1
| #define STATIC_BUILD 1
| #define PEEK_XCLOSEIM 1
| #define _LARGEFILE64_SOURCE 1
| #define TCL_WIDE_INT_TYPE long long
| #define HAVE_STRUCT_STAT64 1
| #define HAVE_OPEN64 1
| #define HAVE_LSEEK64 1
| #define HAVE_TYPE_OFF64_T 1
| #define HAVE_SYS_TIME_H 1
| #define TIME_WITH_SYS_TIME 1
| /* end confdefs.h.  */
| #include <stdio.h>
| #ifdef HAVE_SYS_TYPES_H
| # include <sys/types.h>
| #endif
| #ifdef HAVE_SYS_STAT_H
| # include <sys/stat.h>
| #endif
| #ifdef STDC_HEADERS
| # include <stdlib.h>
| # include <stddef.h>
| #else
| # ifdef HAVE_STDLIB_H
| #  include <stdlib.h>
| # endif
| #endif
| #ifdef HAVE_STRING_H
| # if !defined STDC_HEADERS && defined HAVE_MEMORY_H
| #  include <memory.h>
| # endif
| # include <string.h>
| #endif
| #ifdef HAVE_STRINGS_H
| # include <strings.h>
| #endif
| #ifdef HAVE_INTTYPES_H
| # include <inttypes.h>
| #endif
| #ifdef HAVE_STDINT_H
| # include <stdint.h>
| #endif
| #ifdef HAVE_UNISTD_H
| # include <unistd.h>
| #endif
| int
| main ()
| {
| if (sizeof ((pid_t)))
| 	    return 0;
|   ;
|   return 0;
| }
configure:7062: result: yes
configure:7073: checking for size_t
configure:7073: gcc -c  -pipe  conftest.c >&5
configure:7073: $? = 0
configure:7073: gcc -c  -pipe  conftest.c >&5
conftest.c: In function 'main':
conftest.c:67: error: expected expression before ')' token
configure:7073: $? = 1
configure: failed program was:
| /* confdefs.h */
| #define PACKAGE_NAME ""
| #define PACKAGE_TARNAME ""
| #define PACKAGE_VERSION ""
| #define PACKAGE_STRING ""
| #define PACKAGE_BUGREPORT ""
| #define PACKAGE_URL ""
| #define STDC_HEADERS 1
| #define HAVE_SYS_TYPES_H 1
| #define HAVE_SYS_STAT_H 1
| #define HAVE_STDLIB_H 1
| #define HAVE_STRING_H 1
| #define HAVE_MEMORY_H 1
| #define HAVE_STRINGS_H 1
| #define HAVE_INTTYPES_H 1
| #define HAVE_STDINT_H 1
| #define HAVE_UNISTD_H 1
| #define HAVE_LIMITS_H 1
| #define HAVE_UNISTD_H 1
| #define STATIC_BUILD 1
| #define PEEK_XCLOSEIM 1
| #define _LARGEFILE64_SOURCE 1
| #define TCL_WIDE_INT_TYPE long long
| #define HAVE_STRUCT_STAT64 1
| #define HAVE_OPEN64 1
| #define HAVE_LSEEK64 1
| #define HAVE_TYPE_OFF64_T 1
| #define HAVE_SYS_TIME_H 1
| #define TIME_WITH_SYS_TIME 1
| /* end confdefs.h.  */
| #include <stdio.h>
| #ifdef HAVE_SYS_TYPES_H
| # include <sys/types.h>
| #endif
| #ifdef HAVE_SYS_STAT_H
| # include <sys/stat.h>
| #endif
| #ifdef STDC_HEADERS
| # include <stdlib.h>
| # include <stddef.h>
| #else
| # ifdef HAVE_STDLIB_H
| #  include <stdlib.h>
| # endif
| #endif
| #ifdef HAVE_STRING_H
| # if !defined STDC_HEADERS && defined HAVE_MEMORY_H
| #  include <memory.h>
| # endif
| # include <string.h>
| #endif
| #ifdef HAVE_STRINGS_H
| # include <strings.h>
| #endif
| #ifdef HAVE_INTTYPES_H
| # include <inttypes.h>
| #endif
| #ifdef HAVE_STDINT_H
| # include <stdint.h>
| #endif
| #ifdef HAVE_UNISTD_H
| # include <unistd.h>
| #endif
| int
| main ()
| {
| if (sizeof ((size_t)))
| 	    return 0;
|   ;
|   return 0;
| }
configure:7073: result: yes
configure:7084: checking for uid_t in sys/types.h
configure:7103: result: yes
configure:7119: checking pw_gecos in struct pwd
configure:7136: gcc -c  -pipe  conftest.c >&5
configure:7136: $? = 0
configure:7143: result: yes
configure:7256: checking for X
configure:7364: gcc -E  conftest.c
configure:7364: $? = 0
configure:7395: gcc -o conftest  -pipe   -Wl,--export-dynamic conftest.c -lX11  >&5
configure:7395: $? = 0
configure:7445: result: libraries , headers 
configure:7456: gcc -E  conftest.c
conftest.c:32:28: error: X11/XIntrinsic.h: No such file or directory
configure:7456: $? = 1
configure: failed program was:
| /* confdefs.h */
| #define PACKAGE_NAME ""
| #define PACKAGE_TARNAME ""
| #define PACKAGE_VERSION ""
| #define PACKAGE_STRING ""
| #define PACKAGE_BUGREPORT ""
| #define PACKAGE_URL ""
| #define STDC_HEADERS 1
| #define HAVE_SYS_TYPES_H 1
| #define HAVE_SYS_STAT_H 1
| #define HAVE_STDLIB_H 1
| #define HAVE_STRING_H 1
| #define HAVE_MEMORY_H 1
| #define HAVE_STRINGS_H 1
| #define HAVE_INTTYPES_H 1
| #define HAVE_STDINT_H 1
| #define HAVE_UNISTD_H 1
| #define HAVE_LIMITS_H 1
| #define HAVE_UNISTD_H 1
| #define STATIC_BUILD 1
| #define PEEK_XCLOSEIM 1
| #define _LARGEFILE64_SOURCE 1
| #define TCL_WIDE_INT_TYPE long long
| #define HAVE_STRUCT_STAT64 1
| #define HAVE_OPEN64 1
| #define HAVE_LSEEK64 1
| #define HAVE_TYPE_OFF64_T 1
| #define HAVE_SYS_TIME_H 1
| #define TIME_WITH_SYS_TIME 1
| #define HAVE_PW_GECOS 1
| /* end confdefs.h.  */
| #include <X11/XIntrinsic.h>
configure:7469: checking for X11 header files
configure:7476: gcc -E  conftest.c
configure:7476: $? = 0
configure:7624: checking for main in -lXbsd
configure:7643: gcc -o conftest  -pipe   -Wl,--export-dynamic conftest.c -lXbsd   >&5
/usr/bin/ld: cannot find -lXbsd
collect2: ld returned 1 exit status
configure:7643: $? = 1
configure: failed program was:
| /* confdefs.h */
| #define PACKAGE_NAME ""
| #define PACKAGE_TARNAME ""
| #define PACKAGE_VERSION ""
| #define PACKAGE_STRING ""
| #define PACKAGE_BUGREPORT ""
| #define PACKAGE_URL ""
| #define STDC_HEADERS 1
| #define HAVE_SYS_TYPES_H 1
| #define HAVE_SYS_STAT_H 1
| #define HAVE_STDLIB_H 1
| #define HAVE_STRING_H 1
| #define HAVE_MEMORY_H 1
| #define HAVE_STRINGS_H 1
| #define HAVE_INTTYPES_H 1
| #define HAVE_STDINT_H 1
| #define HAVE_UNISTD_H 1
| #define HAVE_LIMITS_H 1
| #define HAVE_UNISTD_H 1
| #define STATIC_BUILD 1
| #define PEEK_XCLOSEIM 1
| #define _LARGEFILE64_SOURCE 1
| #define TCL_WIDE_INT_TYPE long long
| #define HAVE_STRUCT_STAT64 1
| #define HAVE_OPEN64 1
| #define HAVE_LSEEK64 1
| #define HAVE_TYPE_OFF64_T 1
| #define HAVE_SYS_TIME_H 1
| #define TIME_WITH_SYS_TIME 1
| #define HAVE_PW_GECOS 1
| /* end confdefs.h.  */
| 
| 
| int
| main ()
| {
| return main ();
|   ;
|   return 0;
| }
configure:7652: result: no
configure:7661: checking for connect
configure:7661: gcc -o conftest  -pipe   -Wl,--export-dynamic conftest.c  >&5
configure:7661: $? = 0
configure:7661: result: yes
configure:7717: checking for gethostbyname
configure:7717: gcc -o conftest  -pipe   -Wl,--export-dynamic conftest.c  >&5
configure:7717: $? = 0
configure:7717: result: yes
configure:7813: checking whether char is unsigned
configure:7831: gcc -c  -pipe  conftest.c >&5
configure:7831: $? = 0
configure:7838: result: no
configure:8240: creating ./config.status

## ---------------------- ##
## Running config.status. ##
## ---------------------- ##

This file was extended by config.status, which was
generated by GNU Autoconf 2.64.  Invocation command line was

  CONFIG_FILES    = 
  CONFIG_HEADERS  = 
  CONFIG_LINKS    = 
  CONFIG_COMMANDS = 
  $ ./config.status 

on tyuvash2-laptop

config.status:820: creating Makefile
config.status:919: WARNING:  'Makefile.in' seems to ignore the --datarootdir setting
config.status:820: creating tkConfig.sh
configure:9257: WARNING: unrecognized options: --enable-gcc

## ---------------- ##
## Cache variables. ##
## ---------------- ##

ac_cv_c_bigendian=no
ac_cv_c_char_unsigned=no
ac_cv_c_compiler_gnu=yes
ac_cv_c_tclconfig=/home/tyuvash2/Загрузки/ns-allinone-2.34/tcl8.4.18/unix
ac_cv_env_CC_set=
ac_cv_env_CC_value=
ac_cv_env_CFLAGS_set=
ac_cv_env_CFLAGS_value=
ac_cv_env_CPPFLAGS_set=
ac_cv_env_CPPFLAGS_value=
ac_cv_env_CPP_set=
ac_cv_env_CPP_value=
ac_cv_env_LDFLAGS_set=
ac_cv_env_LDFLAGS_value=
ac_cv_env_LIBS_set=
ac_cv_env_LIBS_value=
ac_cv_env_XMKMF_set=
ac_cv_env_XMKMF_value=
ac_cv_env_build_alias_set=
ac_cv_env_build_alias_value=
ac_cv_env_host_alias_set=
ac_cv_env_host_alias_value=
ac_cv_env_target_alias_set=
ac_cv_env_target_alias_value=
ac_cv_func_connect=yes
ac_cv_func_gethostbyname=yes
ac_cv_func_lseek64=yes
ac_cv_func_open64=yes
ac_cv_func_sin=no
ac_cv_func_strtod=yes
ac_cv_have_x='have_x=yes	ac_x_includes='\'''\''	ac_x_libraries='\'''\'''
ac_cv_header_inttypes_h=yes
ac_cv_header_limits_h=yes
ac_cv_header_memory_h=yes
ac_cv_header_stdc=yes
ac_cv_header_stdint_h=yes
ac_cv_header_stdlib_h=yes
ac_cv_header_string_h=yes
ac_cv_header_strings_h=yes
ac_cv_header_sys_stat_h=yes
ac_cv_header_sys_time_h=yes
ac_cv_header_sys_types_h=yes
ac_cv_header_time=yes
ac_cv_header_unistd_h=yes
ac_cv_lib_Xbsd_main=no
ac_cv_lib_dl_dlopen=yes
ac_cv_lib_ieee_main=yes
ac_cv_objext=o
ac_cv_path_EGREP='/bin/grep -E'
ac_cv_path_GREP=/bin/grep
ac_cv_path_tclsh=/home/tyuvash2/Загрузки/ns-allinone-2.34/bin/tclsh8.4
ac_cv_prog_AR=ar
ac_cv_prog_CPP='gcc -E'
ac_cv_prog_ac_ct_CC=gcc
ac_cv_prog_ac_ct_RANLIB=ranlib
ac_cv_prog_cc_c89=
ac_cv_prog_cc_g=yes
ac_cv_type_mode_t=yes
ac_cv_type_pid_t=yes
ac_cv_type_size_t=yes
ac_cv_type_uid_t=yes
tcl_cv_cc_pipe=yes
tcl_cv_flag__isoc99_source=no
tcl_cv_flag__largefile64_source=yes
tcl_cv_flag__largefile_source64=no
tcl_cv_pwd_pw_gecos=yes
tcl_cv_strtod_buggy=ok
tcl_cv_struct_dirent64=no
tcl_cv_struct_stat64=yes
tcl_cv_sys_version=Linux-2.6.31-14-generic
tcl_cv_type_64bit='long long'
tcl_cv_type_fd_set=yes
tcl_cv_type_off64_t=yes

## ----------------- ##
## Output variables. ##
## ----------------- ##

APP_RSRC_FILE=''
AR='ar'
BUILD_TCLSH='/home/tyuvash2/Загрузки/ns-allinone-2.34/tcl8.4.18/unix/tclsh'
CC='gcc'
CC_SEARCH_FLAGS='-Wl,-rpath,${LIB_RUNTIME_DIR}'
CFBUNDLELOCALIZATIONS=''
CFLAGS=' -pipe '
CFLAGS_DEBUG='-g'
CFLAGS_DEFAULT='$(CFLAGS_OPTIMIZE)'
CFLAGS_OPTIMIZE='-O2'
CFLAGS_WARNING='-Wall -Wno-implicit-int -fno-strict-aliasing'
CPP='gcc -E'
CPPFLAGS=''
DEFS='-DPACKAGE_NAME=\"\" -DPACKAGE_TARNAME=\"\" -DPACKAGE_VERSION=\"\" -DPACKAGE_STRING=\"\" -DPACKAGE_BUGREPORT=\"\" -DPACKAGE_URL=\"\" -DSTDC_HEADERS=1 -DHAVE_SYS_TYPES_H=1 -DHAVE_SYS_STAT_H=1 -DHAVE_STDLIB_H=1 -DHAVE_STRING_H=1 -DHAVE_MEMORY_H=1 -DHAVE_STRINGS_H=1 -DHAVE_INTTYPES_H=1 -DHAVE_STDINT_H=1 -DHAVE_UNISTD_H=1 -DHAVE_LIMITS_H=1 -DHAVE_UNISTD_H=1 -DSTATIC_BUILD=1 -DPEEK_XCLOSEIM=1 -D_LARGEFILE64_SOURCE=1 -DTCL_WIDE_INT_TYPE=long\ long -DHAVE_STRUCT_STAT64=1 -DHAVE_OPEN64=1 -DHAVE_LSEEK64=1 -DHAVE_TYPE_OFF64_T=1 -DHAVE_SYS_TIME_H=1 -DTIME_WITH_SYS_TIME=1 -DHAVE_PW_GECOS=1'
DL_LIBS='-ldl'
DL_OBJS='tclLoadDl.o'
ECHO_C=''
ECHO_N='-n'
ECHO_T=''
EGREP='/bin/grep -E'
EXEEXT=''
EXTRA_APP_CC_SWITCHES=''
EXTRA_BUILD_HTML=''
EXTRA_CC_SWITCHES=''
EXTRA_INSTALL=''
EXTRA_INSTALL_BINARIES=''
EXTRA_WISH_LIBS=''
GREP='/bin/grep'
HTML_DIR='$(DISTDIR)/html'
INSTALL_LIB='$(INSTALL_LIBRARY) $(LIB_FILE) $(LIB_INSTALL_DIR)/$(LIB_FILE) ; (cd $(LIB_INSTALL_DIR) ; $(RANLIB) $(LIB_FILE))'
INSTALL_STUB_LIB='$(INSTALL_LIBRARY) $(STUB_LIB_FILE) $(LIB_INSTALL_DIR)/$(STUB_LIB_FILE) ; (cd $(LIB_INSTALL_DIR) ; $(RANLIB) $(STUB_LIB_FILE))'
LDFLAGS=' -Wl,--export-dynamic'
LDFLAGS_DEBUG=''
LDFLAGS_DEFAULT='$(LDFLAGS_OPTIMIZE)'
LDFLAGS_OPTIMIZE=''
LD_LIBRARY_PATH_VAR='LD_LIBRARY_PATH'
LD_SEARCH_FLAGS='-Wl,-rpath,${LIB_RUNTIME_DIR}'
LIBOBJS=''
LIBS=''
LIB_RSRC_FILE=''
LOCALES='cs de el en en_gb eo es fr hu it nl pl pt ru'
LTLIBOBJS=''
MAKE_LIB='${STLIB_LD} $@ ${OBJS} ; ${RANLIB} $@'
MAKE_STUB_LIB='${STLIB_LD} $@ ${STUB_LIB_OBJS} ; ${RANLIB} $@'
MAN_FLAGS=''
MATH_LIBS='-lieee -lm'
OBJEXT='o'
PACKAGE_BUGREPORT=''
PACKAGE_NAME=''
PACKAGE_STRING=''
PACKAGE_TARNAME=''
PACKAGE_URL=''
PACKAGE_VERSION=''
PATH_SEPARATOR=':'
PLAT_OBJS=''
PLAT_SRCS=''
PRIVATE_INCLUDE_DIR='$(includedir)'
RANLIB='ranlib'
REZ=''
REZ_FLAGS=''
SHELL='/bin/bash'
SHLIB_CFLAGS='-fPIC'
SHLIB_LD='${CC} -shared ${CFLAGS} ${LDFLAGS}'
SHLIB_LD_LIBS='${LIBS}'
SHLIB_SUFFIX='.so'
STLIB_LD='${AR} cr'
TCLSH_PROG='/home/tyuvash2/Загрузки/ns-allinone-2.34/bin/tclsh8.4'
TCL_BIN_DIR='/home/tyuvash2/Загрузки/ns-allinone-2.34/tcl8.4.18/unix'
TCL_LIB_FILE='libtcl8.4.a'
TCL_LIB_FLAG='-ltcl8.4'
TCL_LIB_SPEC='-L/home/tyuvash2/Загрузки/ns-allinone-2.34/tcl8.4.18/unix -ltcl8.4'
TCL_SHLIB_LD_EXTRAS=''
TCL_SRC_DIR='/home/tyuvash2/Загрузки/ns-allinone-2.34/tcl8.4.18'
TCL_STUB_FLAGS=''
TCL_STUB_LIB_FILE='libtclstub8.4.a'
TCL_STUB_LIB_FLAG='-ltclstub8.4'
TCL_STUB_LIB_SPEC='-L/home/tyuvash2/Загрузки/ns-allinone-2.34/tcl8.4.18/unix -ltclstub8.4'
TCL_THREADS='0'
TCL_VERSION='8.4'
TK_BUILD_EXP_FILE=''
TK_BUILD_LIB_SPEC='-L/home/tyuvash2/Загрузки/ns-allinone-2.34/tk8.4.18/unix -ltk8.4'
TK_BUILD_STUB_LIB_PATH='/home/tyuvash2/Загрузки/ns-allinone-2.34/tk8.4.18/unix/libtkstub8.4.a'
TK_BUILD_STUB_LIB_SPEC='-L/home/tyuvash2/Загрузки/ns-allinone-2.34/tk8.4.18/unix -ltkstub8.4'
TK_DBGX=''
TK_EXP_FILE=''
TK_INCLUDE_SPEC='-I/home/tyuvash2/Загрузки/ns-allinone-2.34/include'
TK_LIBRARY='$(prefix)/lib/tk$(VERSION)'
TK_LIB_FILE='libtk8.4${TK_DBGX}.a'
TK_LIB_FLAG='-ltk8.4'
TK_LIB_SPEC='-L/home/tyuvash2/Загрузки/ns-allinone-2.34/lib -ltk8.4'
TK_MAJOR_VERSION='8'
TK_MINOR_VERSION='4'
TK_PATCH_LEVEL='.18'
TK_PKG_DIR='tk$(VERSION)$(TK_DBGX)'
TK_RSRC_FILE='tk$(VERSION).rsrc'
TK_SHARED_BUILD='0'
TK_SHLIB_LD_EXTRAS=''
TK_SRC_DIR='/home/tyuvash2/Загрузки/ns-allinone-2.34/tk8.4.18'
TK_STUB_LIB_FILE='libtkstub8.4.a'
TK_STUB_LIB_FLAG='-ltkstub8.4'
TK_STUB_LIB_PATH='/home/tyuvash2/Загрузки/ns-allinone-2.34/lib/libtkstub8.4.a'
TK_STUB_LIB_SPEC='-L/home/tyuvash2/Загрузки/ns-allinone-2.34/lib -ltkstub8.4'
TK_VERSION='8.4'
TK_WINDOWINGSYSTEM='X11'
TK_YEAR=''
WISH_RSRC_FILE='wish$(VERSION).rsrc'
XINCLUDES=''
XLIBSW='-lX11'
XMKMF=''
ac_ct_CC='gcc'
bindir='${exec_prefix}/bin'
build_alias=''
datadir='${datarootdir}'
datarootdir='${prefix}/share'
docdir='${datarootdir}/doc/${PACKAGE}'
dvidir='${docdir}'
exec_prefix='/home/tyuvash2/Загрузки/ns-allinone-2.34'
host_alias=''
htmldir='${docdir}'
includedir='${prefix}/include'
infodir='${datarootdir}/info'
libdir='/home/tyuvash2/Загрузки/ns-allinone-2.34/lib'
libexecdir='${exec_prefix}/libexec'
localedir='${datarootdir}/locale'
localstatedir='${prefix}/var'
mandir='${datarootdir}/man'
oldincludedir='/usr/include'
pdfdir='${docdir}'
prefix='/home/tyuvash2/Загрузки/ns-allinone-2.34'
program_transform_name='s,x,x,'
psdir='${docdir}'
sbindir='${exec_prefix}/sbin'
sharedstatedir='${prefix}/com'
sysconfdir='${prefix}/etc'
target_alias=''

## ----------- ##
## confdefs.h. ##
## ----------- ##

/* confdefs.h */
#define PACKAGE_NAME ""
#define PACKAGE_TARNAME ""
#define PACKAGE_VERSION ""
#define PACKAGE_STRING ""
#define PACKAGE_BUGREPORT ""
#define PACKAGE_URL ""
#define STDC_HEADERS 1
#define HAVE_SYS_TYPES_H 1
#define HAVE_SYS_STAT_H 1
#define HAVE_STDLIB_H 1
#define HAVE_STRING_H 1
#define HAVE_MEMORY_H 1
#define HAVE_STRINGS_H 1
#define HAVE_INTTYPES_H 1
#define HAVE_STDINT_H 1
#define HAVE_UNISTD_H 1
#define HAVE_LIMITS_H 1
#define HAVE_UNISTD_H 1
#define STATIC_BUILD 1
#define PEEK_XCLOSEIM 1
#define _LARGEFILE64_SOURCE 1
#define TCL_WIDE_INT_TYPE long long
#define HAVE_STRUCT_STAT64 1
#define HAVE_OPEN64 1
#define HAVE_LSEEK64 1
#define HAVE_TYPE_OFF64_T 1
#define HAVE_SYS_TIME_H 1
#define TIME_WITH_SYS_TIME 1
#define HAVE_PW_GECOS 1

configure: exit 0
